<?xml version="1.0" encoding="UTF-8"?>
<testsuite xmlns:xsi="http://www.w3.org/2001/XMLSchema-instance" xsi:noNamespaceSchemaLocation="https://maven.apache.org/surefire/maven-surefire-plugin/xsd/surefire-test-report.xsd" name="MyTest" time="4.164" tests="2" errors="0" skipped="0" failures="1">
  <properties>
[...]
</properties>
  <testcase name="getWorkerByEmail" classname="MyTest" time="3.145"/>
  <testcase name="getOneRestaurant" classname="MyTest" time="1.013">
    <failure message="expected:&lt;[{&quot;Address&quot;:&quot;Kalvariju g. 55&quot;,&quot;id&quot;:1}]&gt; but was:&lt;[{&quot;address&quot;:&quot;Kalvariju g. 55&quot;,&quot;id&quot;:1}]&gt;" type="java.lang.AssertionError"><![CDATA[java.lang.AssertionError: expected:<[{"Address":"Kalvariju g. 55","id":1}]> but was:<[{"address":"Kalvariju g. 55","id":1}]>
	at MyTest.getOneRestaurant(MyTest.java:19)
]]></failure>
    <system-out><![CDATA[15:23:26.994 [main] INFO org.mongodb.driver.cluster - Cluster created with settings {hosts=[127.0.0.1:27017], srvHost=cluster0-ekcge.mongodb.net, mode=MULTIPLE, requiredClusterType=REPLICA_SET, serverSelectionTimeout='30000 ms', maxWaitQueueSize=500, requiredReplicaSetName='Cluster0-shard-0'}
15:23:26.994 [main] INFO org.mongodb.driver.cluster - Cluster description not yet available. Waiting for 30000 ms before timing out
15:23:27.007 [cluster-ClusterId{value='5ea57d3e456d030b12170a68', description='null'}-srv-cluster0-ekcge.mongodb.net] INFO org.mongodb.driver.cluster - Adding discovered server cluster0-shard-00-01-ekcge.mongodb.net:27017 to client view of cluster
15:23:27.008 [cluster-ClusterId{value='5ea57d3e456d030b12170a68', description='null'}-srv-cluster0-ekcge.mongodb.net] INFO org.mongodb.driver.cluster - Adding discovered server cluster0-shard-00-02-ekcge.mongodb.net:27017 to client view of cluster
15:23:27.008 [cluster-ClusterId{value='5ea57d3e456d030b12170a68', description='null'}-srv-cluster0-ekcge.mongodb.net] INFO org.mongodb.driver.cluster - Adding discovered server cluster0-shard-00-00-ekcge.mongodb.net:27017 to client view of cluster
15:23:27.009 [cluster-ClusterId{value='5ea57d3e456d030b12170a68', description='null'}-srv-cluster0-ekcge.mongodb.net] DEBUG org.mongodb.driver.cluster - Updating cluster description to  {type=REPLICA_SET, servers=[{address=cluster0-shard-00-02-ekcge.mongodb.net:27017, type=UNKNOWN, state=CONNECTING}, {address=cluster0-shard-00-00-ekcge.mongodb.net:27017, type=UNKNOWN, state=CONNECTING}, {address=cluster0-shard-00-01-ekcge.mongodb.net:27017, type=UNKNOWN, state=CONNECTING}]
15:23:27.009 [main] INFO org.mongodb.driver.cluster - No server chosen by com.mongodb.client.internal.MongoClientDelegate$1@68e965f5 from cluster description ClusterDescription{type=REPLICA_SET, connectionMode=MULTIPLE, serverDescriptions=[ServerDescription{address=cluster0-shard-00-02-ekcge.mongodb.net:27017, type=UNKNOWN, state=CONNECTING}, ServerDescription{address=cluster0-shard-00-00-ekcge.mongodb.net:27017, type=UNKNOWN, state=CONNECTING}, ServerDescription{address=cluster0-shard-00-01-ekcge.mongodb.net:27017, type=UNKNOWN, state=CONNECTING}]}. Waiting for 30000 ms before timing out
15:23:27.293 [cluster-ClusterId{value='5ea57d3e456d030b12170a68', description='null'}-cluster0-shard-00-01-ekcge.mongodb.net:27017] INFO org.mongodb.driver.connection - Opened connection [connectionId{localValue:9, serverValue:58480}] to cluster0-shard-00-01-ekcge.mongodb.net:27017
15:23:27.293 [cluster-ClusterId{value='5ea57d3e456d030b12170a68', description='null'}-cluster0-shard-00-01-ekcge.mongodb.net:27017] DEBUG org.mongodb.driver.cluster - Checking status of cluster0-shard-00-01-ekcge.mongodb.net:27017
15:23:27.294 [cluster-ClusterId{value='5ea57d3e456d030b12170a68', description='null'}-cluster0-shard-00-01-ekcge.mongodb.net:27017] DEBUG org.mongodb.driver.protocol.command - Sending command '{"ismaster": 1, "$db": "admin"}' with request id 38 to database admin on connection [connectionId{localValue:9, serverValue:58480}] to server cluster0-shard-00-01-ekcge.mongodb.net:27017
15:23:27.305 [cluster-ClusterId{value='5ea57d3e456d030b12170a68', description='null'}-cluster0-shard-00-02-ekcge.mongodb.net:27017] INFO org.mongodb.driver.connection - Opened connection [connectionId{localValue:10, serverValue:135191}] to cluster0-shard-00-02-ekcge.mongodb.net:27017
15:23:27.306 [cluster-ClusterId{value='5ea57d3e456d030b12170a68', description='null'}-cluster0-shard-00-02-ekcge.mongodb.net:27017] DEBUG org.mongodb.driver.cluster - Checking status of cluster0-shard-00-02-ekcge.mongodb.net:27017
15:23:27.306 [cluster-ClusterId{value='5ea57d3e456d030b12170a68', description='null'}-cluster0-shard-00-02-ekcge.mongodb.net:27017] DEBUG org.mongodb.driver.protocol.command - Sending command '{"ismaster": 1, "$db": "admin"}' with request id 39 to database admin on connection [connectionId{localValue:10, serverValue:135191}] to server cluster0-shard-00-02-ekcge.mongodb.net:27017
15:23:27.314 [cluster-ClusterId{value='5ea57d3e456d030b12170a68', description='null'}-cluster0-shard-00-00-ekcge.mongodb.net:27017] INFO org.mongodb.driver.connection - Opened connection [connectionId{localValue:11, serverValue:58313}] to cluster0-shard-00-00-ekcge.mongodb.net:27017
15:23:27.314 [cluster-ClusterId{value='5ea57d3e456d030b12170a68', description='null'}-cluster0-shard-00-00-ekcge.mongodb.net:27017] DEBUG org.mongodb.driver.cluster - Checking status of cluster0-shard-00-00-ekcge.mongodb.net:27017
15:23:27.314 [cluster-ClusterId{value='5ea57d3e456d030b12170a68', description='null'}-cluster0-shard-00-00-ekcge.mongodb.net:27017] DEBUG org.mongodb.driver.protocol.command - Sending command '{"ismaster": 1, "$db": "admin"}' with request id 40 to database admin on connection [connectionId{localValue:11, serverValue:58313}] to server cluster0-shard-00-00-ekcge.mongodb.net:27017
15:23:27.348 [cluster-ClusterId{value='5ea57d3e456d030b12170a68', description='null'}-cluster0-shard-00-01-ekcge.mongodb.net:27017] DEBUG org.mongodb.driver.protocol.command - Execution of command with request id 38 completed successfully in 54.40 ms on connection [connectionId{localValue:9, serverValue:58480}] to server cluster0-shard-00-01-ekcge.mongodb.net:27017
15:23:27.348 [cluster-ClusterId{value='5ea57d3e456d030b12170a68', description='null'}-cluster0-shard-00-01-ekcge.mongodb.net:27017] INFO org.mongodb.driver.cluster - Monitor thread successfully connected to server with description ServerDescription{address=cluster0-shard-00-01-ekcge.mongodb.net:27017, type=REPLICA_SET_SECONDARY, state=CONNECTED, ok=true, version=ServerVersion{versionList=[4, 2, 6]}, minWireVersion=0, maxWireVersion=8, maxDocumentSize=16777216, logicalSessionTimeoutMinutes=30, roundTripTimeNanos=54963500, setName='Cluster0-shard-0', canonicalAddress=cluster0-shard-00-01-ekcge.mongodb.net:27017, hosts=[cluster0-shard-00-00-ekcge.mongodb.net:27017, cluster0-shard-00-01-ekcge.mongodb.net:27017, cluster0-shard-00-02-ekcge.mongodb.net:27017], passives=[], arbiters=[], primary='cluster0-shard-00-02-ekcge.mongodb.net:27017', tagSet=TagSet{[Tag{name='nodeType', value='ELECTABLE'}, Tag{name='provider', value='AWS'}, Tag{name='region', value='EU_WEST_1'}]}, electionId=null, setVersion=2, lastWriteDate=Sun Apr 26 15:23:20 EEST 2020, lastUpdateTimeNanos=1827248538700}
15:23:27.349 [cluster-ClusterId{value='5ea57d3e456d030b12170a68', description='null'}-cluster0-shard-00-01-ekcge.mongodb.net:27017] DEBUG org.mongodb.driver.cluster - Updating cluster description to  {type=REPLICA_SET, servers=[{address=cluster0-shard-00-02-ekcge.mongodb.net:27017, type=UNKNOWN, state=CONNECTING}, {address=cluster0-shard-00-00-ekcge.mongodb.net:27017, type=UNKNOWN, state=CONNECTING}, {address=cluster0-shard-00-01-ekcge.mongodb.net:27017, type=REPLICA_SET_SECONDARY, TagSet{[Tag{name='nodeType', value='ELECTABLE'}, Tag{name='provider', value='AWS'}, Tag{name='region', value='EU_WEST_1'}]}, roundTripTime=55.0 ms, state=CONNECTED}]
15:23:27.349 [main] INFO org.mongodb.driver.cluster - No server chosen by ReadPreferenceServerSelector{readPreference=primary} from cluster description ClusterDescription{type=REPLICA_SET, connectionMode=MULTIPLE, serverDescriptions=[ServerDescription{address=cluster0-shard-00-02-ekcge.mongodb.net:27017, type=UNKNOWN, state=CONNECTING}, ServerDescription{address=cluster0-shard-00-00-ekcge.mongodb.net:27017, type=UNKNOWN, state=CONNECTING}, ServerDescription{address=cluster0-shard-00-01-ekcge.mongodb.net:27017, type=REPLICA_SET_SECONDARY, state=CONNECTED, ok=true, version=ServerVersion{versionList=[4, 2, 6]}, minWireVersion=0, maxWireVersion=8, maxDocumentSize=16777216, logicalSessionTimeoutMinutes=30, roundTripTimeNanos=54963500, setName='Cluster0-shard-0', canonicalAddress=cluster0-shard-00-01-ekcge.mongodb.net:27017, hosts=[cluster0-shard-00-00-ekcge.mongodb.net:27017, cluster0-shard-00-01-ekcge.mongodb.net:27017, cluster0-shard-00-02-ekcge.mongodb.net:27017], passives=[], arbiters=[], primary='cluster0-shard-00-02-ekcge.mongodb.net:27017', tagSet=TagSet{[Tag{name='nodeType', value='ELECTABLE'}, Tag{name='provider', value='AWS'}, Tag{name='region', value='EU_WEST_1'}]}, electionId=null, setVersion=2, lastWriteDate=Sun Apr 26 15:23:20 EEST 2020, lastUpdateTimeNanos=1827248538700}]}. Waiting for 30000 ms before timing out
15:23:27.363 [cluster-ClusterId{value='5ea57d3e456d030b12170a68', description='null'}-cluster0-shard-00-02-ekcge.mongodb.net:27017] DEBUG org.mongodb.driver.protocol.command - Execution of command with request id 39 completed successfully in 56.78 ms on connection [connectionId{localValue:10, serverValue:135191}] to server cluster0-shard-00-02-ekcge.mongodb.net:27017
15:23:27.363 [cluster-ClusterId{value='5ea57d3e456d030b12170a68', description='null'}-cluster0-shard-00-02-ekcge.mongodb.net:27017] INFO org.mongodb.driver.cluster - Monitor thread successfully connected to server with description ServerDescription{address=cluster0-shard-00-02-ekcge.mongodb.net:27017, type=REPLICA_SET_PRIMARY, state=CONNECTED, ok=true, version=ServerVersion{versionList=[4, 2, 6]}, minWireVersion=0, maxWireVersion=8, maxDocumentSize=16777216, logicalSessionTimeoutMinutes=30, roundTripTimeNanos=57410500, setName='Cluster0-shard-0', canonicalAddress=cluster0-shard-00-02-ekcge.mongodb.net:27017, hosts=[cluster0-shard-00-00-ekcge.mongodb.net:27017, cluster0-shard-00-01-ekcge.mongodb.net:27017, cluster0-shard-00-02-ekcge.mongodb.net:27017], passives=[], arbiters=[], primary='cluster0-shard-00-02-ekcge.mongodb.net:27017', tagSet=TagSet{[Tag{name='nodeType', value='ELECTABLE'}, Tag{name='provider', value='AWS'}, Tag{name='region', value='EU_WEST_1'}]}, electionId=7fffffff0000000000000005, setVersion=2, lastWriteDate=Sun Apr 26 15:23:20 EEST 2020, lastUpdateTimeNanos=1827263480600}
15:23:27.363 [cluster-ClusterId{value='5ea57d3e456d030b12170a68', description='null'}-cluster0-shard-00-02-ekcge.mongodb.net:27017] INFO org.mongodb.driver.cluster - Setting max election id to 7fffffff0000000000000005 from replica set primary cluster0-shard-00-02-ekcge.mongodb.net:27017
15:23:27.364 [cluster-ClusterId{value='5ea57d3e456d030b12170a68', description='null'}-cluster0-shard-00-02-ekcge.mongodb.net:27017] INFO org.mongodb.driver.cluster - Setting max set version to 2 from replica set primary cluster0-shard-00-02-ekcge.mongodb.net:27017
15:23:27.364 [cluster-ClusterId{value='5ea57d3e456d030b12170a68', description='null'}-cluster0-shard-00-02-ekcge.mongodb.net:27017] INFO org.mongodb.driver.cluster - Discovered replica set primary cluster0-shard-00-02-ekcge.mongodb.net:27017
15:23:27.365 [cluster-ClusterId{value='5ea57d3e456d030b12170a68', description='null'}-cluster0-shard-00-02-ekcge.mongodb.net:27017] DEBUG org.mongodb.driver.cluster - Updating cluster description to  {type=REPLICA_SET, servers=[{address=cluster0-shard-00-02-ekcge.mongodb.net:27017, type=REPLICA_SET_PRIMARY, TagSet{[Tag{name='nodeType', value='ELECTABLE'}, Tag{name='provider', value='AWS'}, Tag{name='region', value='EU_WEST_1'}]}, roundTripTime=57.4 ms, state=CONNECTED}, {address=cluster0-shard-00-00-ekcge.mongodb.net:27017, type=UNKNOWN, state=CONNECTING}, {address=cluster0-shard-00-01-ekcge.mongodb.net:27017, type=REPLICA_SET_SECONDARY, TagSet{[Tag{name='nodeType', value='ELECTABLE'}, Tag{name='provider', value='AWS'}, Tag{name='region', value='EU_WEST_1'}]}, roundTripTime=55.0 ms, state=CONNECTED}]
15:23:27.377 [cluster-ClusterId{value='5ea57d3e456d030b12170a68', description='null'}-cluster0-shard-00-00-ekcge.mongodb.net:27017] DEBUG org.mongodb.driver.protocol.command - Execution of command with request id 40 completed successfully in 63.35 ms on connection [connectionId{localValue:11, serverValue:58313}] to server cluster0-shard-00-00-ekcge.mongodb.net:27017
15:23:27.378 [cluster-ClusterId{value='5ea57d3e456d030b12170a68', description='null'}-cluster0-shard-00-00-ekcge.mongodb.net:27017] INFO org.mongodb.driver.cluster - Monitor thread successfully connected to server with description ServerDescription{address=cluster0-shard-00-00-ekcge.mongodb.net:27017, type=REPLICA_SET_SECONDARY, state=CONNECTED, ok=true, version=ServerVersion{versionList=[4, 2, 6]}, minWireVersion=0, maxWireVersion=8, maxDocumentSize=16777216, logicalSessionTimeoutMinutes=30, roundTripTimeNanos=63917300, setName='Cluster0-shard-0', canonicalAddress=cluster0-shard-00-00-ekcge.mongodb.net:27017, hosts=[cluster0-shard-00-00-ekcge.mongodb.net:27017, cluster0-shard-00-01-ekcge.mongodb.net:27017, cluster0-shard-00-02-ekcge.mongodb.net:27017], passives=[], arbiters=[], primary='cluster0-shard-00-02-ekcge.mongodb.net:27017', tagSet=TagSet{[Tag{name='nodeType', value='ELECTABLE'}, Tag{name='provider', value='AWS'}, Tag{name='region', value='EU_WEST_1'}]}, electionId=null, setVersion=2, lastWriteDate=Sun Apr 26 15:23:20 EEST 2020, lastUpdateTimeNanos=1827278163800}
15:23:27.378 [cluster-ClusterId{value='5ea57d3e456d030b12170a68', description='null'}-cluster0-shard-00-00-ekcge.mongodb.net:27017] DEBUG org.mongodb.driver.cluster - Updating cluster description to  {type=REPLICA_SET, servers=[{address=cluster0-shard-00-02-ekcge.mongodb.net:27017, type=REPLICA_SET_PRIMARY, TagSet{[Tag{name='nodeType', value='ELECTABLE'}, Tag{name='provider', value='AWS'}, Tag{name='region', value='EU_WEST_1'}]}, roundTripTime=57.4 ms, state=CONNECTED}, {address=cluster0-shard-00-00-ekcge.mongodb.net:27017, type=REPLICA_SET_SECONDARY, TagSet{[Tag{name='nodeType', value='ELECTABLE'}, Tag{name='provider', value='AWS'}, Tag{name='region', value='EU_WEST_1'}]}, roundTripTime=63.9 ms, state=CONNECTED}, {address=cluster0-shard-00-01-ekcge.mongodb.net:27017, type=REPLICA_SET_SECONDARY, TagSet{[Tag{name='nodeType', value='ELECTABLE'}, Tag{name='provider', value='AWS'}, Tag{name='region', value='EU_WEST_1'}]}, roundTripTime=55.0 ms, state=CONNECTED}]
15:23:27.847 [main] INFO org.mongodb.driver.connection - Opened connection [connectionId{localValue:12, serverValue:135191}] to cluster0-shard-00-02-ekcge.mongodb.net:27017
15:23:27.848 [cluster-ClusterId{value='5ea57d3e456d030b12170a68', description='null'}-cluster0-shard-00-01-ekcge.mongodb.net:27017] DEBUG org.mongodb.driver.cluster - Checking status of cluster0-shard-00-01-ekcge.mongodb.net:27017
15:23:27.848 [main] DEBUG org.mongodb.driver.protocol.command - Sending command '{"find": "workers", "filter": {"Email": "algimantas@example.example"}, "limit": 1, "singleBatch": true, "$db": "restaurant_chain", "$clusterTime": {"clusterTime": {"$timestamp": {"t": 1587903800, "i": 2}}, "signature": {"hash": {"$binary": {"base64": "YDcyBGK9fZNw/qHPSOc2O9lXuWg=", "subType": "00"}}, "keyId": 6806345140530053122}}, "lsid": {"id": {"$binary": {"base64": "fuoKiTDRTNKWdrN6f2lTmg==", "subType": "04"}}}}' with request id 46 to database restaurant_chain on connection [connectionId{localValue:12, serverValue:135191}] to server cluster0-shard-00-02-ekcge.mongodb.net:27017
15:23:27.848 [cluster-ClusterId{value='5ea57d3e456d030b12170a68', description='null'}-cluster0-shard-00-01-ekcge.mongodb.net:27017] DEBUG org.mongodb.driver.protocol.command - Sending command '{"ismaster": 1, "$db": "admin", "$clusterTime": {"clusterTime": {"$timestamp": {"t": 1587903800, "i": 2}}, "signature": {"hash": {"$binary": {"base64": "YDcyBGK9fZNw/qHPSOc2O9lXuWg=", "subType": "00"}}, "keyId": 6806345140530053122}}}' with request id 47 to database admin on connection [connectionId{localValue:9, serverValue:58480}] to server cluster0-shard-00-01-ekcge.mongodb.net:27017
15:23:27.904 [cluster-ClusterId{value='5ea57d3e456d030b12170a68', description='null'}-cluster0-shard-00-01-ekcge.mongodb.net:27017] DEBUG org.mongodb.driver.protocol.command - Execution of command with request id 47 completed successfully in 56.09 ms on connection [connectionId{localValue:9, serverValue:58480}] to server cluster0-shard-00-01-ekcge.mongodb.net:27017
15:23:27.905 [cluster-ClusterId{value='5ea57d3e456d030b12170a68', description='null'}-cluster0-shard-00-01-ekcge.mongodb.net:27017] DEBUG org.mongodb.driver.cluster - Updating cluster description to  {type=REPLICA_SET, servers=[{address=cluster0-shard-00-02-ekcge.mongodb.net:27017, type=REPLICA_SET_PRIMARY, TagSet{[Tag{name='nodeType', value='ELECTABLE'}, Tag{name='provider', value='AWS'}, Tag{name='region', value='EU_WEST_1'}]}, roundTripTime=57.4 ms, state=CONNECTED}, {address=cluster0-shard-00-00-ekcge.mongodb.net:27017, type=REPLICA_SET_SECONDARY, TagSet{[Tag{name='nodeType', value='ELECTABLE'}, Tag{name='provider', value='AWS'}, Tag{name='region', value='EU_WEST_1'}]}, roundTripTime=63.9 ms, state=CONNECTED}, {address=cluster0-shard-00-01-ekcge.mongodb.net:27017, type=REPLICA_SET_SECONDARY, TagSet{[Tag{name='nodeType', value='ELECTABLE'}, Tag{name='provider', value='AWS'}, Tag{name='region', value='EU_WEST_1'}]}, roundTripTime=55.3 ms, state=CONNECTED}]
15:23:27.907 [main] DEBUG org.mongodb.driver.protocol.command - Execution of command with request id 46 completed successfully in 59.96 ms on connection [connectionId{localValue:12, serverValue:135191}] to server cluster0-shard-00-02-ekcge.mongodb.net:27017
WORKER DETECTED
{"address":"Kalvariju g. 55","id":1}
15:23:27.910 [main] DEBUG org.mongodb.driver.protocol.command - Sending command '{"endSessions": [{"id": {"$binary": {"base64": "fuoKiTDRTNKWdrN6f2lTmg==", "subType": "04"}}}], "$db": "admin", "$clusterTime": {"clusterTime": {"$timestamp": {"t": 1587903804, "i": 4}}, "signature": {"hash": {"$binary": {"base64": "LRth3LQG5k8KtxkzGKJ3a7kNEDo=", "subType": "00"}}, "keyId": 6806345140530053122}}, "$readPreference": {"mode": "primaryPreferred"}}' with request id 48 to database admin on connection [connectionId{localValue:12, serverValue:135191}] to server cluster0-shard-00-02-ekcge.mongodb.net:27017
15:23:27.970 [main] DEBUG org.mongodb.driver.protocol.command - Execution of command with request id 48 completed successfully in 59.88 ms on connection [connectionId{localValue:12, serverValue:135191}] to server cluster0-shard-00-02-ekcge.mongodb.net:27017
15:23:27.971 [main] INFO org.mongodb.driver.connection - Closed connection [connectionId{localValue:12, serverValue:135191}] to cluster0-shard-00-02-ekcge.mongodb.net:27017 because the pool has been closed.
15:23:27.971 [main] DEBUG org.mongodb.driver.connection - Closing connection connectionId{localValue:12, serverValue:135191}
15:23:27.972 [cluster-ClusterId{value='5ea57d3e456d030b12170a68', description='null'}-cluster0-shard-00-02-ekcge.mongodb.net:27017] DEBUG org.mongodb.driver.connection - Closing connection connectionId{localValue:10, serverValue:135191}
15:23:27.972 [cluster-ClusterId{value='5ea57d3e456d030b12170a68', description='null'}-cluster0-shard-00-01-ekcge.mongodb.net:27017] DEBUG org.mongodb.driver.connection - Closing connection connectionId{localValue:9, serverValue:58480}
15:23:27.972 [cluster-ClusterId{value='5ea57d3e456d030b12170a68', description='null'}-cluster0-shard-00-00-ekcge.mongodb.net:27017] DEBUG org.mongodb.driver.connection - Closing connection connectionId{localValue:11, serverValue:58313}
]]></system-out>
  </testcase>
</testsuite>